Removed Pin From Net: NetName=VDD Pin=U400-14
Added Pin To Net: NetName=NetQ4_1 Pin=Q4-1
Added Pin To Net: NetName=NetQ4_1 Pin=QA3-1
Added Pin To Net: NetName=NetQ4_1 Pin=U400-10
Added Pin To Net: NetName=NetQ4_1 Pin=U400-12
Added Net: Name=NetQ4_1
Added Pin To Net: NetName=NetQ4_2 Pin=Q4-2
Added Pin To Net: NetName=NetQ4_2 Pin=QA3-2
Added Net: Name=NetQ4_2
Added Pin To Net: NetName=NetQ5_1 Pin=Q5-1
Added Pin To Net: NetName=NetQ5_1 Pin=QA4-1
Added Pin To Net: NetName=NetQ5_1 Pin=U400-11
Added Net: Name=NetQ5_1
Added Pin To Net: NetName=NetQ5_2 Pin=Q5-2
Added Pin To Net: NetName=NetQ5_2 Pin=QA4-2
Added Net: Name=NetQ5_2
Added Pin To Net: NetName=NetQA3_3 Pin=QA3-3
Added Pin To Net: NetName=NetQA3_3 Pin=QA4-3
Added Net: Name=NetQA3_3
Added Pin To Net: NetName=VCC1 Pin=C19-1
Added Pin To Net: NetName=VCC1 Pin=C21-1
Added Pin To Net: NetName=VCC1 Pin=Q4-3
Added Pin To Net: NetName=VCC1 Pin=Q5-3
Added Pin To Net: NetName=VCC1 Pin=R49-1
Added Pin To Net: NetName=VCC1 Pin=R50-1
Added Net: Name=VCC1
Added Pin To Net: NetName=VDD1 Pin=U400-14
Added Net: Name=VDD1
