Removed Pin From Net: NetName=NetQ2_2 Pin=R29-2
Removed Pin From Net: NetName=N Pin=R31-1
Removed Pin From Net: NetName=NetQ2_2 Pin=R31-2
Added Pin To Net: NetName=N Pin=C15-2
Added Pin To Net: NetName=NetQ2_2 Pin=Q3-2
Added Pin To Net: NetName=NetQ2_2 Pin=R30-1
Added Pin To Net: NetName=NetC15_1 Pin=C15-1
Added Pin To Net: NetName=NetC15_1 Pin=Q2-1
Added Pin To Net: NetName=NetC15_1 Pin=QA2-3
Added Pin To Net: NetName=NetC15_1 Pin=R25-2
Added Pin To Net: NetName=NetC15_1 Pin=R35-2
Added Pin To Net: NetName=NetC15_1 Pin=R44-2
Added Pin To Net: NetName=NetC15_1 Pin=R45-1
Added Pin To Net: NetName=NetC15_1 Pin=R74-1
Added Pin To Net: NetName=NetC15_1 Pin=U202-8
Added Pin To Net: NetName=NetC15_1 Pin=U204-3
Added Pin To Net: NetName=NetC15_1 Pin=U206-1
Added Pin To Net: NetName=NetC15_1 Pin=U207-4
Added Net: Name=NetC15_1
Added Pin To Net: NetName=NetQ3_1 Pin=Q3-1
Added Pin To Net: NetName=NetQ3_1 Pin=R29-2
Added Pin To Net: NetName=NetQ3_1 Pin=R31-2
Added Net: Name=NetQ3_1
Added Pin To Net: NetName=NetR25_1 Pin=R25-1
Added Pin To Net: NetName=NetR25_1 Pin=R27-1
Added Pin To Net: NetName=NetR25_1 Pin=U206-2
Added Net: Name=NetR25_1
Added Pin To Net: NetName=NetR30_2 Pin=R30-2
Added Pin To Net: NetName=NetR30_2 Pin=R33-2
Added Pin To Net: NetName=NetR30_2 Pin=U207-1
Added Net: Name=NetR30_2
