Removed Pin From Net: NetName=N Pin=C23-2
Added Pin To Net: NetName=N Pin=C23-1
Added Pin To Net: NetName=VCC1 Pin=C23-2
Added Pin To Net: NetName=VCC1 Pin=Q1-3
Added Pin To Net: NetName=VCC1 Pin=Q7-3
Added Pin To Net: NetName=N Pin=QA3-3
Added Pin To Net: NetName=N Pin=QA4-3
Added Pin To Net: NetName=N Pin=QA5-3
Added Pin To Net: NetName=N Pin=QA6-3
Added Pin To Net: NetName=VCC1 Pin=U400-14
Change Net Name : Old Net Name=VCC1 New Net Name=VDD1
Added Pin To Net: NetName=NetC24_1 Pin=C24-1
Added Pin To Net: NetName=NetC24_1 Pin=Q7-2
Added Pin To Net: NetName=NetC24_1 Pin=QA6-2
Added Net: Name=NetC24_1
Added Pin To Net: NetName=NetQ1_1 Pin=Q1-1
Added Pin To Net: NetName=NetQ1_1 Pin=QA5-1
Added Pin To Net: NetName=NetQ1_1 Pin=U400-1
Added Pin To Net: NetName=NetQ1_1 Pin=U400-4
Added Net: Name=NetQ1_1
Added Pin To Net: NetName=NetQ1_2 Pin=Q1-2
Added Pin To Net: NetName=NetQ1_2 Pin=QA5-2
Added Net: Name=NetQ1_2
Added Pin To Net: NetName=NetQ7_1 Pin=Q7-1
Added Pin To Net: NetName=NetQ7_1 Pin=QA6-1
Added Pin To Net: NetName=NetQ7_1 Pin=U400-3
Added Net: Name=NetQ7_1
